c:\users\ming\desktop\wordcount\wordcount\debug\vc141.pdb
c:\users\ming\desktop\wordcount\wordcount\debug\vc141.idb
c:\users\ming\desktop\wordcount\wordcount\debug\wordfrequency.obj
c:\users\ming\desktop\wordcount\wordcount\debug\wordcount.obj
c:\users\ming\desktop\wordcount\wordcount\debug\main.obj
c:\users\ming\desktop\wordcount\wordcount\debug\linecountcpp.obj
c:\users\ming\desktop\wordcount\wordcount\debug\charactercount.obj
c:\users\ming\desktop\wordcount\debug\wordcount.ilk
c:\users\ming\desktop\wordcount\debug\wordcount.exe
c:\users\ming\desktop\wordcount\debug\wordcount.pdb
c:\users\ming\desktop\041602209\src\wordcount\wordcount\debug\charactercount.obj
c:\users\ming\desktop\041602209\src\wordcount\wordcount\debug\linecountcpp.obj
c:\users\ming\desktop\041602209\src\wordcount\wordcount\debug\main.obj
c:\users\ming\desktop\041602209\src\wordcount\wordcount\debug\wordcount.obj
c:\users\ming\desktop\041602209\src\wordcount\wordcount\debug\wordfrequency.obj
c:\users\ming\desktop\041602209\src\wordcount\wordcount\debug\vc141.idb
c:\users\ming\desktop\041602209\src\wordcount\wordcount\debug\vc141.pdb
c:\users\ming\desktop\041602209\src\wordcount\debug\wordcount.pdb
c:\users\ming\desktop\041602209\src\wordcount\debug\wordcount.exe
c:\users\ming\desktop\041602209\src\wordcount\debug\wordcount.ilk
c:\users\ming\desktop\041602209\src\wordcount\wordcount\debug\wordcount.tlog\cl.command.1.tlog
c:\users\ming\desktop\041602209\src\wordcount\wordcount\debug\wordcount.tlog\cl.read.1.tlog
c:\users\ming\desktop\041602209\src\wordcount\wordcount\debug\wordcount.tlog\cl.write.1.tlog
c:\users\ming\desktop\041602209\src\wordcount\wordcount\debug\wordcount.tlog\link.command.1.tlog
c:\users\ming\desktop\041602209\src\wordcount\wordcount\debug\wordcount.tlog\link.read.1.tlog
c:\users\ming\desktop\041602209\src\wordcount\wordcount\debug\wordcount.tlog\link.write.1.tlog
