[2018-09-12 13:27:24] [info] Start Program:
Path:"C:\Users\刘宏岩\source\repos\WorldCount\Debug\WordCount.exe"
Arguments:
Working directory: "C:\Users\刘宏岩\source\repos\WorldCount\WordCount\"
Modules: Selected: C:\Users\刘宏岩\source\repos\WorldCount\Debug\WordCount.exe Excluded: 
Sources: Selected: C:\Users\刘宏岩\source\repos\WorldCount\WordCount Excluded: 
Log Level: Normal
Cover Children: 0
Aggregate by file: 1
Continue after C++ exception: 0
Optimized build support: 0
Export: Binary C:\Users\刘宏岩\AppData\Local\Temp\yer31kzt.aej 
Input coverage: 
Unified diff: 
Excluded line regular expressions: 

[2018-09-12 13:27:24] [info] Module: C:\Users\刘宏岩\source\repos\WorldCount\Debug\WordCount.exe is selected because it matches selected pattern: C:\Users\刘宏岩\source\repos\WorldCount\Debug\WordCount.exe
[2018-09-12 13:27:24] [warning] c:\users\刘宏岩\source\repos\worldcount\wordcount\word_op.h line 15732480 does not exist, skipped
[2018-09-12 13:27:24] [warning] c:\users\刘宏岩\source\repos\worldcount\wordcount\word_op.h line 15732480 does not exist, skipped
[2018-09-12 13:27:24] [warning] c:\users\刘宏岩\source\repos\worldcount\wordcount\word_op.h line 15732480 does not exist, skipped
[2018-09-12 13:27:24] [warning] c:\users\刘宏岩\source\repos\worldcount\wordcount\word_op.h line 15732480 does not exist, skipped
[2018-09-12 13:27:24] [warning] c:\users\刘宏岩\source\repos\worldcount\wordcount\word_operater.cpp line 15732480 does not exist, skipped
[2018-09-12 13:27:24] [warning] c:\users\刘宏岩\source\repos\worldcount\wordcount\word_operater.cpp line 15732480 does not exist, skipped
[2018-09-12 13:27:24] [warning] c:\users\刘宏岩\source\repos\worldcount\wordcount\word_operater.cpp line 15732480 does not exist, skipped
[2018-09-12 13:27:24] [warning] c:\users\刘宏岩\source\repos\worldcount\wordcount\file.h line 15732480 does not exist, skipped
[2018-09-12 13:27:24] [warning] c:\users\刘宏岩\source\repos\worldcount\wordcount\file.h line 15732480 does not exist, skipped
[2018-09-12 13:27:24] [warning] c:\users\刘宏岩\source\repos\worldcount\wordcount\file.h line 15732480 does not exist, skipped
[2018-09-12 13:27:24] [warning] c:\users\刘宏岩\source\repos\worldcount\wordcount\main.cpp line 15732480 does not exist, skipped
[2018-09-12 13:27:24] [warning] c:\users\刘宏岩\source\repos\worldcount\wordcount\line_cnt.h line 15732480 does not exist, skipped
[2018-09-12 13:27:24] [warning] c:\users\刘宏岩\source\repos\worldcount\wordcount\line_cnt.h line 15732480 does not exist, skipped
[2018-09-12 13:27:24] [warning] c:\users\刘宏岩\source\repos\worldcount\wordcount\line_cnt.h line 15732480 does not exist, skipped
[2018-09-12 13:27:24] [warning] c:\users\刘宏岩\source\repos\worldcount\wordcount\char_cnt.h line 15732480 does not exist, skipped
[2018-09-12 13:27:24] [warning] c:\users\刘宏岩\source\repos\worldcount\wordcount\char_cnt.h line 15732480 does not exist, skipped
[2018-09-12 13:27:24] [warning] c:\users\刘宏岩\source\repos\worldcount\wordcount\char_cnt.h line 15732480 does not exist, skipped
[2018-09-12 13:27:24] [warning] c:\users\刘宏岩\source\repos\worldcount\wordcount\line_counter.cpp line 15732480 does not exist, skipped
[2018-09-12 13:27:24] [warning] c:\users\刘宏岩\source\repos\worldcount\wordcount\char_counter.cpp line 15732480 does not exist, skipped
[2018-09-12 13:27:24] [info] Module: C:\Windows\SysWOW64\ntdll.dll is skipped because it matches no selected patterns
[2018-09-12 13:27:24] [info] Module: C:\Windows\SysWOW64\kernel32.dll is skipped because it matches no selected patterns
[2018-09-12 13:27:24] [info] Module: C:\Windows\SysWOW64\KernelBase.dll is skipped because it matches no selected patterns
[2018-09-12 13:27:24] [info] Module: C:\Windows\SysWOW64\vcruntime140d.dll is skipped because it matches no selected patterns
[2018-09-12 13:27:24] [info] Module: C:\Windows\SysWOW64\msvcp140d.dll is skipped because it matches no selected patterns
[2018-09-12 13:27:24] [info] Module: C:\Windows\SysWOW64\ucrtbased.dll is skipped because it matches no selected patterns
[2018-09-12 13:27:24] [info] Module: C:\Windows\SysWOW64\ucrtbased.dll is skipped because it matches no selected patterns
[2018-09-12 13:27:24] [info] Module: C:\Windows\SysWOW64\ucrtbased.dll is skipped because it matches no selected patterns
[2018-09-12 13:27:24] [info] Module: C:\Windows\SysWOW64\kernel.appcore.dll is skipped because it matches no selected patterns
[2018-09-12 13:27:24] [info] Module: C:\Windows\SysWOW64\msvcrt.dll is skipped because it matches no selected patterns
[2018-09-12 13:27:24] [info] Module: C:\Windows\SysWOW64\rpcrt4.dll is skipped because it matches no selected patterns
[2018-09-12 13:27:24] [info] Module: C:\Windows\SysWOW64\sspicli.dll is skipped because it matches no selected patterns
[2018-09-12 13:27:24] [info] Module: C:\Windows\SysWOW64\cryptbase.dll is skipped because it matches no selected patterns
[2018-09-12 13:27:24] [info] Module: C:\Windows\SysWOW64\bcryptprimitives.dll is skipped because it matches no selected patterns
[2018-09-12 13:27:24] [info] Module: C:\Windows\SysWOW64\sechost.dll is skipped because it matches no selected patterns
[2018-09-12 13:27:24] [info] ----------------------------------------------------
[2018-09-12 13:27:24] [info] Coverage binary generated in file: C:\Users\刘宏岩\AppData\Local\Temp\devr3ljw.fhu
[2018-09-12 13:27:24] [info] ----------------------------------------------------
