[2018-09-12 15:21:25] [info] Start Program:
Path:"F:\software engineering\personal-project\project1\Cplusplus\031602421\src\WordCount\Debug\WordCount.exe"
Arguments:WordCount.exe input.txt 
Working directory: "F:\software engineering\personal-project\project1\Cplusplus\031602421\src\WordCount\WordCount\"
Modules: Selected: F:\software engineering\personal-project\project1\Cplusplus\031602421\src\WordCount\Debug\WordCount.exe F:\software engineering\personal-project\project1\Cplusplus\031602421\src\WordCount\Debug\UnitTest1.dll Excluded: 
Sources: Selected: F:\software engineering\personal-project\project1\Cplusplus\031602421\src\WordCount\WordCount F:\software engineering\personal-project\project1\Cplusplus\031602421\src\WordCount\UnitTest1 Excluded: 
Log Level: Normal
Cover Children: 0
Aggregate by file: 1
Continue after C++ exception: 0
Optimized build support: 0
Export: Binary C:\Users\林世杰\AppData\Local\Temp\lhsizcx5.f0o 
Input coverage: 
Unified diff: 
Excluded line regular expressions: 

[2018-09-12 15:21:25] [info] Module: F:\software engineering\personal-project\project1\Cplusplus\031602421\src\WordCount\Debug\WordCount.exe is selected because it matches selected pattern: 
[2018-09-12 15:21:25] [warning] f:\software engineering\personal-project\project1\cplusplus\031602421\src\wordcount\wordcount\wordcount.cpp line 95 does not exist, skipped
[2018-09-12 15:21:25] [warning] f:\software engineering\personal-project\project1\cplusplus\031602421\src\wordcount\wordcount\wordcount.cpp line 15732480 does not exist, skipped
[2018-09-12 15:21:25] [warning] f:\software engineering\personal-project\project1\cplusplus\031602421\src\wordcount\wordcount\wordcount.cpp line 95 does not exist, skipped
[2018-09-12 15:21:25] [warning] f:\software engineering\personal-project\project1\cplusplus\031602421\src\wordcount\wordcount\wordcount.cpp line 15732480 does not exist, skipped
[2018-09-12 15:21:25] [warning] f:\software engineering\personal-project\project1\cplusplus\031602421\src\wordcount\wordcount\wordcount.cpp line 15732480 does not exist, skipped
[2018-09-12 15:21:25] [warning] f:\software engineering\personal-project\project1\cplusplus\031602421\src\wordcount\wordcount\wordcount.cpp line 15732480 does not exist, skipped
[2018-09-12 15:21:25] [warning] f:\software engineering\personal-project\project1\cplusplus\031602421\src\wordcount\wordcount\wordcount.cpp line 15732480 does not exist, skipped
[2018-09-12 15:21:25] [warning] f:\software engineering\personal-project\project1\cplusplus\031602421\src\wordcount\wordcount\wordcount.cpp line 15732480 does not exist, skipped
[2018-09-12 15:21:25] [warning] f:\software engineering\personal-project\project1\cplusplus\031602421\src\wordcount\wordcount\wordcount.h line 15732480 does not exist, skipped
[2018-09-12 15:21:25] [info] Module: C:\Windows\SysWOW64\ntdll.dll is skipped because it matches no selected patterns
[2018-09-12 15:21:25] [info] Module: C:\Windows\SysWOW64\kernel32.dll is skipped because it matches no selected patterns
[2018-09-12 15:21:25] [info] Module: C:\Windows\SysWOW64\KernelBase.dll is skipped because it matches no selected patterns
[2018-09-12 15:21:25] [info] Module: C:\Windows\SysWOW64\msvcp140d.dll is skipped because it matches no selected patterns
[2018-09-12 15:21:25] [info] Module: C:\Windows\SysWOW64\vcruntime140d.dll is skipped because it matches no selected patterns
[2018-09-12 15:21:25] [info] Module: C:\Windows\SysWOW64\ucrtbased.dll is skipped because it matches no selected patterns
[2018-09-12 15:21:25] [info] Module: C:\Windows\SysWOW64\ucrtbased.dll is skipped because it matches no selected patterns
[2018-09-12 15:21:25] [info] Module: C:\Windows\SysWOW64\vcruntime140d.dll is skipped because it matches no selected patterns
[2018-09-12 15:21:25] [info] Module: C:\Windows\SysWOW64\kernel.appcore.dll is skipped because it matches no selected patterns
[2018-09-12 15:21:25] [info] Module: C:\Windows\SysWOW64\msvcrt.dll is skipped because it matches no selected patterns
[2018-09-12 15:21:25] [info] Module: C:\Windows\SysWOW64\rpcrt4.dll is skipped because it matches no selected patterns
[2018-09-12 15:21:25] [info] Module: C:\Windows\SysWOW64\sspicli.dll is skipped because it matches no selected patterns
[2018-09-12 15:21:25] [info] Module: C:\Windows\SysWOW64\cryptbase.dll is skipped because it matches no selected patterns
[2018-09-12 15:21:25] [info] Module: C:\Windows\SysWOW64\bcryptprimitives.dll is skipped because it matches no selected patterns
[2018-09-12 15:21:25] [info] Module: C:\Windows\SysWOW64\sechost.dll is skipped because it matches no selected patterns
[2018-09-12 15:21:25] [info] ----------------------------------------------------
[2018-09-12 15:21:25] [info] Coverage binary generated in file: C:\Users\林世杰\AppData\Local\Temp\lhsizcx5.f0o
[2018-09-12 15:21:25] [info] ----------------------------------------------------
