[2018-09-12 20:49:52] [info] Start Program:
Path:"C:\Users\NE\source\repos\WordCount\Debug\WordCount.exe"
Arguments:input.txt result.txt 
Working directory: "C:\Users\NE\source\repos\WordCount\WordCount\"
Modules: Selected: C:\Users\NE\source\repos\WordCount\Debug\WordCount.exe C:\Users\NE\source\repos\WordCount\Debug\MyUnitTest.dll Excluded: 
Sources: Selected: C:\Users\NE\source\repos\WordCount\WordCount C:\Users\NE\source\repos\WordCount\MyUnitTest Excluded: 
Log Level: Normal
Cover Children: 0
Aggregate by file: 1
Continue after C++ exception: 0
Optimized build support: 0
Export: Binary C:\Users\NE\AppData\Local\Temp\31qexsqj.2zv 
Input coverage: 
Unified diff: 
Excluded line regular expressions: 

[2018-09-12 20:49:52] [info] Module: C:\Users\NE\source\repos\WordCount\Debug\WordCount.exe is selected because it matches selected pattern: 
[2018-09-12 20:49:52] [warning] c:\users\ne\source\repos\wordcount\wordcount\main.cpp line 15732480 does not exist, skipped
[2018-09-12 20:49:52] [warning] c:\users\ne\source\repos\wordcount\wordcount\file.cpp line 15732480 does not exist, skipped
[2018-09-12 20:49:52] [warning] c:\users\ne\source\repos\wordcount\wordcount\file.cpp line 15732480 does not exist, skipped
[2018-09-12 20:49:52] [warning] c:\users\ne\source\repos\wordcount\wordcount\countwords.cpp line 52 does not exist, skipped
[2018-09-12 20:49:52] [warning] c:\users\ne\source\repos\wordcount\wordcount\countwords.cpp line 15732480 does not exist, skipped
[2018-09-12 20:49:52] [warning] c:\users\ne\source\repos\wordcount\wordcount\countwords.cpp line 52 does not exist, skipped
[2018-09-12 20:49:52] [warning] c:\users\ne\source\repos\wordcount\wordcount\countwords.cpp line 15732480 does not exist, skipped
[2018-09-12 20:49:52] [warning] c:\users\ne\source\repos\wordcount\wordcount\countfrequece.cpp line 54 does not exist, skipped
[2018-09-12 20:49:52] [warning] c:\users\ne\source\repos\wordcount\wordcount\countfrequece.cpp line 15732480 does not exist, skipped
[2018-09-12 20:49:52] [warning] c:\users\ne\source\repos\wordcount\wordcount\countfrequece.cpp line 54 does not exist, skipped
[2018-09-12 20:49:52] [warning] c:\users\ne\source\repos\wordcount\wordcount\countfrequece.cpp line 54 does not exist, skipped
[2018-09-12 20:49:52] [warning] c:\users\ne\source\repos\wordcount\wordcount\countfrequece.cpp line 15732480 does not exist, skipped
[2018-09-12 20:49:52] [warning] c:\users\ne\source\repos\wordcount\wordcount\countfrequece.cpp line 54 does not exist, skipped
[2018-09-12 20:49:52] [warning] c:\users\ne\source\repos\wordcount\wordcount\countfrequece.cpp line 54 does not exist, skipped
[2018-09-12 20:49:52] [warning] c:\users\ne\source\repos\wordcount\wordcount\countfrequece.cpp line 15732480 does not exist, skipped
[2018-09-12 20:49:52] [warning] c:\users\ne\source\repos\wordcount\wordcount\countfrequece.cpp line 54 does not exist, skipped
[2018-09-12 20:49:52] [warning] c:\users\ne\source\repos\wordcount\wordcount\countfrequece.cpp line 15732480 does not exist, skipped
[2018-09-12 20:49:52] [warning] c:\users\ne\source\repos\wordcount\wordcount\countfrequece.cpp line 15732480 does not exist, skipped
[2018-09-12 20:49:52] [warning] c:\users\ne\source\repos\wordcount\wordcount\countfrequece.cpp line 15732480 does not exist, skipped
[2018-09-12 20:49:52] [warning] c:\users\ne\source\repos\wordcount\wordcount\countascii.cpp line 15732480 does not exist, skipped
[2018-09-12 20:49:52] [warning] c:\users\ne\source\repos\wordcount\wordcount\countascii.cpp line 15732480 does not exist, skipped
[2018-09-12 20:49:52] [warning] c:\users\ne\source\repos\wordcount\wordcount\check.cpp line 15732480 does not exist, skipped
[2018-09-12 20:49:52] [warning] c:\users\ne\source\repos\wordcount\wordcount\check.cpp line 15732480 does not exist, skipped
[2018-09-12 20:49:52] [warning] c:\users\ne\source\repos\wordcount\wordcount\check.cpp line 15732480 does not exist, skipped
[2018-09-12 20:49:52] [warning] c:\users\ne\source\repos\wordcount\wordcount\check.cpp line 15732480 does not exist, skipped
[2018-09-12 20:49:52] [info] Module: C:\Windows\SysWOW64\ntdll.dll is skipped because it matches no selected patterns
[2018-09-12 20:49:52] [info] Module: C:\Windows\SysWOW64\kernel32.dll is skipped because it matches no selected patterns
[2018-09-12 20:49:52] [info] Module: C:\Windows\SysWOW64\KernelBase.dll is skipped because it matches no selected patterns
[2018-09-12 20:49:52] [info] Module: C:\Windows\SysWOW64\vcruntime140d.dll is skipped because it matches no selected patterns
[2018-09-12 20:49:52] [info] Module: C:\Windows\SysWOW64\ucrtbased.dll is skipped because it matches no selected patterns
[2018-09-12 20:49:52] [info] Module: C:\Windows\SysWOW64\msvcp140d.dll is skipped because it matches no selected patterns
[2018-09-12 20:50:28] [info] Module: C:\Windows\SysWOW64\kernel.appcore.dll is skipped because it matches no selected patterns
[2018-09-12 20:50:28] [info] Module: C:\Windows\SysWOW64\msvcrt.dll is skipped because it matches no selected patterns
[2018-09-12 20:50:28] [info] Module: C:\Windows\SysWOW64\rpcrt4.dll is skipped because it matches no selected patterns
[2018-09-12 20:50:28] [info] Module: C:\Windows\SysWOW64\sspicli.dll is skipped because it matches no selected patterns
[2018-09-12 20:50:28] [info] Module: C:\Windows\SysWOW64\cryptbase.dll is skipped because it matches no selected patterns
[2018-09-12 20:50:28] [info] Module: C:\Windows\SysWOW64\bcryptprimitives.dll is skipped because it matches no selected patterns
[2018-09-12 20:50:28] [info] Module: C:\Windows\SysWOW64\sechost.dll is skipped because it matches no selected patterns
[2018-09-12 20:50:28] [info] ----------------------------------------------------
[2018-09-12 20:50:28] [info] Coverage binary generated in file: C:\Users\NE\AppData\Local\Temp\31qexsqj.2zv
[2018-09-12 20:50:28] [info] ----------------------------------------------------
