[2018-09-11 00:37:47] [info] Start Program:
Path:"D:\Study\SoftwareStudy\WordCount\Debug\WordCount.exe"
Arguments:input.txt 
Working directory: "D:\Study\SoftwareStudy\WordCount\WordCount\"
Modules: Selected: D:\Study\SoftwareStudy\WordCount\Debug\WordCount.exe Excluded: 
Sources: Selected: D:\Study\SoftwareStudy\WordCount\WordCount Excluded: 
Log Level: Normal
Cover Children: 0
Aggregate by file: 1
Continue after C++ exception: 0
Optimized build support: 0
Export: Binary C:\Users\嗯哼\AppData\Local\Temp\jycdrr1c.nkc 
Input coverage: 
Unified diff: 
Excluded line regular expressions: 

[2018-09-11 00:37:48] [info] Module: D:\Study\SoftwareStudy\WordCount\Debug\WordCount.exe is selected because it matches selected pattern: D:\Study\SoftwareStudy\WordCount\Debug\WordCount.exe
[2018-09-11 00:37:48] [warning] d:\study\softwarestudy\wordcount\wordcount\wordcount.cpp line 15732480 does not exist, skipped
[2018-09-11 00:37:48] [warning] d:\study\softwarestudy\wordcount\wordcount\fileio.cpp line 15732480 does not exist, skipped
[2018-09-11 00:37:48] [warning] d:\study\softwarestudy\wordcount\wordcount\fileio.cpp line 15732480 does not exist, skipped
[2018-09-11 00:37:48] [warning] d:\study\softwarestudy\wordcount\wordcount\fileio.cpp line 15732480 does not exist, skipped
[2018-09-11 00:37:48] [warning] d:\study\softwarestudy\wordcount\wordcount\fileio.cpp line 15732480 does not exist, skipped
[2018-09-11 00:37:48] [warning] d:\study\softwarestudy\wordcount\wordcount\count.cpp line 114 does not exist, skipped
[2018-09-11 00:37:48] [warning] d:\study\softwarestudy\wordcount\wordcount\count.cpp line 15732480 does not exist, skipped
[2018-09-11 00:37:48] [warning] d:\study\softwarestudy\wordcount\wordcount\count.cpp line 114 does not exist, skipped
[2018-09-11 00:37:48] [warning] d:\study\softwarestudy\wordcount\wordcount\count.cpp line 114 does not exist, skipped
[2018-09-11 00:37:48] [warning] d:\study\softwarestudy\wordcount\wordcount\count.cpp line 15732480 does not exist, skipped
[2018-09-11 00:37:48] [warning] d:\study\softwarestudy\wordcount\wordcount\count.cpp line 114 does not exist, skipped
[2018-09-11 00:37:48] [warning] d:\study\softwarestudy\wordcount\wordcount\count.cpp line 15732480 does not exist, skipped
[2018-09-11 00:37:48] [warning] d:\study\softwarestudy\wordcount\wordcount\count.cpp line 15732480 does not exist, skipped
[2018-09-11 00:37:48] [warning] d:\study\softwarestudy\wordcount\wordcount\count.cpp line 15732480 does not exist, skipped
[2018-09-11 00:37:48] [warning] d:\study\softwarestudy\wordcount\wordcount\count.cpp line 15732480 does not exist, skipped
[2018-09-11 00:37:48] [warning] d:\study\softwarestudy\wordcount\wordcount\count.cpp line 15732480 does not exist, skipped
[2018-09-11 00:37:48] [warning] d:\study\softwarestudy\wordcount\wordcount\count.cpp line 15732480 does not exist, skipped
[2018-09-11 00:37:48] [warning] d:\study\softwarestudy\wordcount\wordcount\count.cpp line 15732480 does not exist, skipped
[2018-09-11 00:37:48] [info] Module: C:\Windows\SysWOW64\ntdll.dll is skipped because it matches no selected patterns
[2018-09-11 00:37:48] [info] Module: C:\Windows\SysWOW64\kernel32.dll is skipped because it matches no selected patterns
[2018-09-11 00:37:48] [info] Module: C:\Windows\SysWOW64\KernelBase.dll is skipped because it matches no selected patterns
[2018-09-11 00:37:48] [info] Module: C:\Windows\SysWOW64\vcruntime140d.dll is skipped because it matches no selected patterns
[2018-09-11 00:37:48] [info] Module: C:\Windows\SysWOW64\msvcp140d.dll is skipped because it matches no selected patterns
[2018-09-11 00:37:48] [info] Module: C:\Windows\SysWOW64\ucrtbased.dll is skipped because it matches no selected patterns
[2018-09-11 00:37:48] [info] Module: C:\Windows\SysWOW64\ucrtbased.dll is skipped because it matches no selected patterns
[2018-09-11 00:37:48] [info] Module: C:\Windows\SysWOW64\ucrtbased.dll is skipped because it matches no selected patterns
[2018-09-11 00:37:52] [info] Module: C:\Windows\SysWOW64\kernel.appcore.dll is skipped because it matches no selected patterns
[2018-09-11 00:37:52] [info] Module: C:\Windows\SysWOW64\msvcrt.dll is skipped because it matches no selected patterns
[2018-09-11 00:37:52] [info] Module: C:\Windows\SysWOW64\rpcrt4.dll is skipped because it matches no selected patterns
[2018-09-11 00:37:52] [info] Module: C:\Windows\SysWOW64\sspicli.dll is skipped because it matches no selected patterns
[2018-09-11 00:37:52] [info] Module: C:\Windows\SysWOW64\cryptbase.dll is skipped because it matches no selected patterns
[2018-09-11 00:37:52] [info] Module: C:\Windows\SysWOW64\bcryptprimitives.dll is skipped because it matches no selected patterns
[2018-09-11 00:37:52] [info] Module: C:\Windows\SysWOW64\sechost.dll is skipped because it matches no selected patterns
[2018-09-11 00:37:52] [info] ----------------------------------------------------
[2018-09-11 00:37:52] [info] Coverage binary generated in file: C:\Users\嗯哼\AppData\Local\Temp\jycdrr1c.nkc
[2018-09-11 00:37:52] [info] ----------------------------------------------------
