c:\users\administrator\desktop\personal-project\cplusplus\031602502\src\wordcount\debug\wordcount.pch
c:\users\administrator\desktop\personal-project\cplusplus\031602502\src\wordcount\debug\vc141.pdb
c:\users\administrator\desktop\personal-project\cplusplus\031602502\src\wordcount\debug\vc141.idb
c:\users\administrator\desktop\personal-project\cplusplus\031602502\src\wordcount\debug\pch.obj
c:\users\administrator\desktop\personal-project\cplusplus\031602502\src\wordcount\debug\myio.obj
c:\users\administrator\desktop\personal-project\cplusplus\031602502\src\wordcount\debug\wordcount.obj
c:\users\administrator\desktop\personal-project\cplusplus\031602502\src\wordcount\debug\statistics.obj
c:\users\administrator\desktop\personal-project\cplusplus\031602502\src\debug\wordcount.exe
c:\users\administrator\desktop\personal-project\cplusplus\031602502\src\debug\wordcount.ilk
c:\users\administrator\desktop\personal-project\cplusplus\031602502\src\debug\wordcount.pdb
c:\users\administrator\desktop\personal-project\cplusplus\031602502\src\wordcount\debug\nativecodeanalysis.read.1.tlog
c:\users\administrator\desktop\personal-project\cplusplus\031602502\src\wordcount\debug\myio.nativecodeanalysis.xml
c:\users\administrator\desktop\personal-project\cplusplus\031602502\src\wordcount\debug\pch.nativecodeanalysis.xml
c:\users\administrator\desktop\personal-project\cplusplus\031602502\src\wordcount\debug\statistics.nativecodeanalysis.xml
c:\users\administrator\desktop\personal-project\cplusplus\031602502\src\wordcount\debug\vc.nativecodeanalysis.all.xml
c:\users\administrator\desktop\personal-project\cplusplus\031602502\src\wordcount\debug\wordcount.nativecodeanalysis.xml
c:\users\administrator\desktop\personal-project\cplusplus\031602502\src\debug\wordcount.exe.lastcodeanalysissucceeded
c:\users\administrator\desktop\personal-project\cplusplus\031602502\src\wordcount\debug\wordcount.tlog\cl.command.1.tlog
c:\users\administrator\desktop\personal-project\cplusplus\031602502\src\wordcount\debug\wordcount.tlog\cl.read.1.tlog
c:\users\administrator\desktop\personal-project\cplusplus\031602502\src\wordcount\debug\wordcount.tlog\cl.write.1.tlog
c:\users\administrator\desktop\personal-project\cplusplus\031602502\src\wordcount\debug\wordcount.tlog\link.command.1.tlog
c:\users\administrator\desktop\personal-project\cplusplus\031602502\src\wordcount\debug\wordcount.tlog\link.read.1.tlog
c:\users\administrator\desktop\personal-project\cplusplus\031602502\src\wordcount\debug\wordcount.tlog\link.write.1.tlog
