[2018-09-12 20:01:56] [info] Start Program:
Path:"C:\Users\pite\Desktop\WordCount\Debug\WordCount.exe"
Arguments:
Working directory: "C:\Users\pite\Desktop\WordCount\WordCount\"
Modules: Selected: C:\Users\pite\Desktop\WordCount\Debug\WordCount.exe C:\Users\pite\Desktop\WordCount\Debug\Test.dll Excluded: 
Sources: Selected: C:\Users\pite\Desktop\WordCount\WordCount C:\Users\pite\Desktop\WordCount\Test Excluded: 
Log Level: Normal
Cover Children: 0
Aggregate by file: 1
Continue after C++ exception: 0
Optimized build support: 0
Export: Binary C:\Users\pite\AppData\Local\Temp\zapiqrkk.vl5 
Input coverage: 
Unified diff: 
Excluded line regular expressions: 

[2018-09-12 20:01:56] [info] Module: C:\Users\pite\Desktop\WordCount\Debug\WordCount.exe is selected because it matches selected pattern: 
[2018-09-12 20:01:56] [warning] c:\users\pite\desktop\wordcount\wordcount\tenfrequency.cpp line 45 does not exist, skipped
[2018-09-12 20:01:56] [info] Module: C:\Windows\SysWOW64\ntdll.dll is skipped because it matches no selected patterns
[2018-09-12 20:01:56] [info] Module: C:\Windows\SysWOW64\kernel32.dll is skipped because it matches no selected patterns
[2018-09-12 20:01:56] [info] Module: C:\Windows\SysWOW64\KernelBase.dll is skipped because it matches no selected patterns
[2018-09-12 20:01:56] [info] Module: C:\Windows\SysWOW64\ucrtbased.dll is skipped because it matches no selected patterns
[2018-09-12 20:01:56] [info] Module: C:\Windows\SysWOW64\msvcp140d.dll is skipped because it matches no selected patterns
[2018-09-12 20:01:56] [info] Module: C:\Windows\SysWOW64\vcruntime140d.dll is skipped because it matches no selected patterns
[2018-09-12 20:01:56] [info] Module: C:\Windows\SysWOW64\vcruntime140d.dll is skipped because it matches no selected patterns
[2018-09-12 20:01:57] [info] Module: C:\Windows\SysWOW64\kernel.appcore.dll is skipped because it matches no selected patterns
[2018-09-12 20:01:57] [info] Module: C:\Windows\SysWOW64\msvcrt.dll is skipped because it matches no selected patterns
[2018-09-12 20:01:57] [info] Module: C:\Windows\SysWOW64\rpcrt4.dll is skipped because it matches no selected patterns
[2018-09-12 20:01:57] [info] Module: C:\Windows\SysWOW64\sspicli.dll is skipped because it matches no selected patterns
[2018-09-12 20:01:57] [info] Module: C:\Windows\SysWOW64\cryptbase.dll is skipped because it matches no selected patterns
[2018-09-12 20:01:57] [info] Module: C:\Windows\SysWOW64\bcryptprimitives.dll is skipped because it matches no selected patterns
[2018-09-12 20:01:57] [info] Module: C:\Windows\SysWOW64\sechost.dll is skipped because it matches no selected patterns
[2018-09-12 20:01:57] [info] ----------------------------------------------------
[2018-09-12 20:01:57] [info] Coverage binary generated in file: C:\Users\pite\AppData\Local\Temp\zapiqrkk.vl5
[2018-09-12 20:01:57] [info] ----------------------------------------------------
