[2018-09-12 21:27:30] [info] Start Program:
Path:"C:\Users\Ming\Desktop\wordcount\Debug\wordcount.exe"
Arguments:
Working directory: "C:\Users\Ming\Desktop\wordcount\wordcount\"
Modules: Selected: C:\Users\Ming\Desktop\wordcount\Debug\wordcount.exe C:\Users\Ming\Desktop\wordcount\Debug\UnitTest1.dll Excluded: 
Sources: Selected: C:\Users\Ming\Desktop\wordcount\wordcount C:\Users\Ming\Desktop\wordcount\UnitTest1 Excluded: 
Log Level: Normal
Cover Children: 0
Aggregate by file: 1
Continue after C++ exception: 0
Optimized build support: 0
Export: Binary C:\Users\Ming\AppData\Local\Temp\mkjp2a5a.23r 
Input coverage: 
Unified diff: 
Excluded line regular expressions: 

[2018-09-12 21:27:30] [info] Module: C:\Users\Ming\Desktop\wordcount\Debug\wordcount.exe is selected because it matches selected pattern: 
[2018-09-12 21:27:30] [warning] c:\users\ming\desktop\wordcount\wordcount\wordfrequency.cpp line 59 does not exist, skipped
[2018-09-12 21:27:30] [warning] c:\users\ming\desktop\wordcount\wordcount\wordfrequency.cpp line 15732480 does not exist, skipped
[2018-09-12 21:27:30] [warning] c:\users\ming\desktop\wordcount\wordcount\wordfrequency.cpp line 59 does not exist, skipped
[2018-09-12 21:27:30] [warning] c:\users\ming\desktop\wordcount\wordcount\wordfrequency.cpp line 15732480 does not exist, skipped
[2018-09-12 21:27:30] [warning] c:\users\ming\desktop\wordcount\wordcount\wordcount.cpp line 15732480 does not exist, skipped
[2018-09-12 21:27:30] [warning] c:\users\ming\desktop\wordcount\wordcount\main.cpp line 15732480 does not exist, skipped
[2018-09-12 21:27:30] [warning] c:\users\ming\desktop\wordcount\wordcount\linecountcpp.cpp line 15732480 does not exist, skipped
[2018-09-12 21:27:30] [warning] c:\users\ming\desktop\wordcount\wordcount\charactercount.cpp line 15732480 does not exist, skipped
[2018-09-12 21:27:30] [info] Module: C:\Windows\SysWOW64\ntdll.dll is skipped because it matches no selected patterns
[2018-09-12 21:27:30] [info] Module: C:\Windows\SysWOW64\kernel32.dll is skipped because it matches no selected patterns
[2018-09-12 21:27:30] [info] Module: C:\Windows\SysWOW64\KernelBase.dll is skipped because it matches no selected patterns
[2018-09-12 21:27:30] [info] Module: C:\Windows\SysWOW64\vcruntime140d.dll is skipped because it matches no selected patterns
[2018-09-12 21:27:30] [info] Module: C:\Windows\SysWOW64\msvcp140d.dll is skipped because it matches no selected patterns
[2018-09-12 21:27:30] [info] Module: C:\Windows\SysWOW64\ucrtbased.dll is skipped because it matches no selected patterns
