c:\users\administrator\desktop\wordcount\wordcount\release\vc141.pdb
c:\users\administrator\desktop\wordcount\wordcount\release\statistics.obj
c:\users\administrator\desktop\wordcount\wordcount\release\main.obj
c:\users\administrator\desktop\personal-project\cplusplus\031602502\src\wordcount\release\vc141.pdb
c:\users\administrator\desktop\personal-project\cplusplus\031602502\src\wordcount\release\statistics.obj
c:\users\administrator\desktop\personal-project\cplusplus\031602502\src\wordcount\release\main.obj
c:\users\administrator\desktop\wordcount\release\wordcount.exe
c:\users\administrator\desktop\wordcount\release\wordcount.pdb
c:\users\administrator\desktop\personal-project\cplusplus\031602502\src\release\wordcount.exe
c:\users\administrator\desktop\personal-project\cplusplus\031602502\src\release\wordcount.pdb
c:\users\administrator\desktop\wordcount\release\wordcount.ipdb
c:\users\administrator\desktop\wordcount\release\wordcount.iobj
c:\users\administrator\desktop\personal-project\cplusplus\031602502\src\release\wordcount.ipdb
c:\users\administrator\desktop\personal-project\cplusplus\031602502\src\release\wordcount.iobj
c:\users\administrator\desktop\src\wordcount\release\main.obj
c:\users\administrator\desktop\src\wordcount\release\statistics.obj
c:\users\administrator\desktop\src\wordcount\release\nativecodeanalysis.read.1.tlog
c:\users\administrator\desktop\src\wordcount\release\vc141.pdb
c:\users\administrator\desktop\src\wordcount\release\main.nativecodeanalysis.xml
c:\users\administrator\desktop\src\wordcount\release\statistics.nativecodeanalysis.xml
c:\users\administrator\desktop\src\wordcount\release\vc.nativecodeanalysis.all.xml
c:\users\administrator\desktop\src\release\wordcount.pdb
c:\users\administrator\desktop\src\release\wordcount.exe
c:\users\administrator\desktop\src\release\wordcount.exe.lastcodeanalysissucceeded
c:\users\administrator\desktop\src\wordcount\release\wordcount.tlog\cl.command.1.tlog
c:\users\administrator\desktop\src\wordcount\release\wordcount.tlog\cl.read.1.tlog
c:\users\administrator\desktop\src\wordcount\release\wordcount.tlog\cl.write.1.tlog
c:\users\administrator\desktop\src\wordcount\release\wordcount.tlog\link.command.1.tlog
c:\users\administrator\desktop\src\wordcount\release\wordcount.tlog\link.read.1.tlog
c:\users\administrator\desktop\src\wordcount\release\wordcount.tlog\link.write.1.tlog
c:\users\administrator\desktop\src\wordcount\release\wordcount.tlog\wordcount.write.1u.tlog
