[2018-09-11 00:20:04] [info] Start Program:
Path:"F:\project\first_work\Cplusplus\031602509\src\Debug\WordCount.exe"
Arguments:input.txt 
Working directory: "F:\project\first_work\Cplusplus\031602509\src\WordCount\"
Modules: Selected: F:\project\first_work\Cplusplus\031602509\src\Debug\WordCount.exe Excluded: 
Sources: Selected: F:\project\first_work\Cplusplus\031602509\src\WordCount Excluded: 
Log Level: Normal
Cover Children: 0
Aggregate by file: 1
Continue after C++ exception: 0
Optimized build support: 0
Export: Binary C:\Users\HP\AppData\Local\Temp\5hxzffzx.rag 
Input coverage: 
Unified diff: 
Excluded line regular expressions: 

[2018-09-11 00:20:04] [info] Module: F:\project\first_work\Cplusplus\031602509\src\Debug\WordCount.exe is selected because it matches selected pattern: F:\project\first_work\Cplusplus\031602509\src\Debug\WordCount.exe
[2018-09-11 00:20:05] [warning] f:\project\first_work\cplusplus\031602509\src\wordcount\wordcount.cpp line 15732480 does not exist, skipped
[2018-09-11 00:20:05] [warning] f:\project\first_work\cplusplus\031602509\src\wordcount\work_2.h line 15732480 does not exist, skipped
[2018-09-11 00:20:05] [warning] f:\project\first_work\cplusplus\031602509\src\wordcount\work_2.h line 15732480 does not exist, skipped
[2018-09-11 00:20:05] [warning] f:\project\first_work\cplusplus\031602509\src\wordcount\rank_words.cpp line 15732480 does not exist, skipped
[2018-09-11 00:20:05] [warning] f:\project\first_work\cplusplus\031602509\src\wordcount\rank_words.cpp line 15732480 does not exist, skipped
[2018-09-11 00:20:05] [warning] f:\project\first_work\cplusplus\031602509\src\wordcount\rank_words.cpp line 15732480 does not exist, skipped
[2018-09-11 00:20:05] [warning] f:\project\first_work\cplusplus\031602509\src\wordcount\count_words.cpp line 41 does not exist, skipped
[2018-09-11 00:20:05] [warning] f:\project\first_work\cplusplus\031602509\src\wordcount\count_words.cpp line 15732480 does not exist, skipped
[2018-09-11 00:20:05] [warning] f:\project\first_work\cplusplus\031602509\src\wordcount\count_words.cpp line 41 does not exist, skipped
[2018-09-11 00:20:05] [warning] f:\project\first_work\cplusplus\031602509\src\wordcount\count_words.cpp line 41 does not exist, skipped
[2018-09-11 00:20:05] [warning] f:\project\first_work\cplusplus\031602509\src\wordcount\count_words.cpp line 15732480 does not exist, skipped
[2018-09-11 00:20:05] [warning] f:\project\first_work\cplusplus\031602509\src\wordcount\count_words.cpp line 41 does not exist, skipped
[2018-09-11 00:20:05] [warning] f:\project\first_work\cplusplus\031602509\src\wordcount\count_words.cpp line 15732480 does not exist, skipped
[2018-09-11 00:20:05] [warning] f:\project\first_work\cplusplus\031602509\src\wordcount\count_chrs.cpp line 15732480 does not exist, skipped
[2018-09-11 00:20:05] [info] Module: C:\Windows\SysWOW64\ntdll.dll is skipped because it matches no selected patterns
[2018-09-11 00:20:05] [info] Module: C:\Windows\SysWOW64\kernel32.dll is skipped because it matches no selected patterns
[2018-09-11 00:20:05] [info] Module: C:\Windows\SysWOW64\KernelBase.dll is skipped because it matches no selected patterns
[2018-09-11 00:20:05] [info] Module: C:\Windows\SysWOW64\vcruntime140d.dll is skipped because it matches no selected patterns
[2018-09-11 00:20:05] [info] Module: C:\Windows\SysWOW64\ucrtbased.dll is skipped because it matches no selected patterns
[2018-09-11 00:20:05] [info] Module: C:\Windows\SysWOW64\msvcp140d.dll is skipped because it matches no selected patterns
[2018-09-11 00:20:06] [info] Module: C:\Windows\SysWOW64\kernel.appcore.dll is skipped because it matches no selected patterns
[2018-09-11 00:20:06] [info] Module: C:\Windows\SysWOW64\msvcrt.dll is skipped because it matches no selected patterns
[2018-09-11 00:20:06] [info] Module: C:\Windows\SysWOW64\rpcrt4.dll is skipped because it matches no selected patterns
[2018-09-11 00:20:06] [info] Module: C:\Windows\SysWOW64\sspicli.dll is skipped because it matches no selected patterns
[2018-09-11 00:20:06] [info] Module: C:\Windows\SysWOW64\cryptbase.dll is skipped because it matches no selected patterns
[2018-09-11 00:20:06] [info] Module: C:\Windows\SysWOW64\bcryptprimitives.dll is skipped because it matches no selected patterns
[2018-09-11 00:20:06] [info] Module: C:\Windows\SysWOW64\sechost.dll is skipped because it matches no selected patterns
[2018-09-11 00:20:06] [info] ----------------------------------------------------
[2018-09-11 00:20:06] [info] Coverage binary generated in file: C:\Users\HP\AppData\Local\Temp\5hxzffzx.rag
[2018-09-11 00:20:06] [info] ----------------------------------------------------
